<?xml version="1.0" encoding="UTF-8"?>
<testsuite xmlns:xsi="http://www.w3.org/2001/XMLSchema-instance" xsi:noNamespaceSchemaLocation="https://maven.apache.org/surefire/maven-surefire-plugin/xsd/surefire-test-report-3.0.xsd" version="3.0" name="org.projectfloodlight.openflow.protocol.ver13.OFActionSetFieldVer13BsnLagIdTest" time="0.001" tests="3" errors="0" skipped="0" failures="0">
  <properties>
[...]
</properties>
  <testcase name="testWrite" classname="org.projectfloodlight.openflow.protocol.ver13.OFActionSetFieldVer13BsnLagIdTest" time="0"/>
  <testcase name="testRead" classname="org.projectfloodlight.openflow.protocol.ver13.OFActionSetFieldVer13BsnLagIdTest" time="0"/>
  <testcase name="testReadWrite" classname="org.projectfloodlight.openflow.protocol.ver13.OFActionSetFieldVer13BsnLagIdTest" time="0"/>
</testsuite>